[24.12.23|19:16:52] Folder: "/db" FOUND
[24.12.23|19:16:52] DATABASE: "users.db" FOUND
[24.12.23|19:16:52] TABLE: "Users" FOUND
[24.12.23|19:16:52] DATABASE: "posts.db" FOUND
[24.12.23|19:16:52] TABLE: "Posts" FOUND
[24.12.23|19:16:52] DATABASE: "comments.db" FOUND
[24.12.23|19:16:52] TABLE: "Comments" FOUND
[24.12.23|19:16:53] Folder: "/db" FOUND
[24.12.23|19:16:53] DATABASE: "users.db" FOUND
[24.12.23|19:16:53] TABLE: "Users" FOUND
[24.12.23|19:16:53] DATABASE: "posts.db" FOUND
[24.12.23|19:16:53] TABLE: "Posts" FOUND
[24.12.23|19:16:53] DATABASE: "comments.db" FOUND
[24.12.23|19:16:53] TABLE: "Comments" FOUND
[24.12.23|19:20:52] Folder: "/db" FOUND
[24.12.23|19:20:52] DATABASE: "users.db" FOUND
[24.12.23|19:20:52] TABLE: "Users" FOUND
[24.12.23|19:20:52] DATABASE: "posts.db" FOUND
[24.12.23|19:20:52] TABLE: "Posts" FOUND
[24.12.23|19:20:52] DATABASE: "comments.db" FOUND
[24.12.23|19:20:52] TABLE: "Comments" FOUND
[24.12.23|19:20:52] Folder: "/db" FOUND
[24.12.23|19:20:52] DATABASE: "users.db" FOUND
[24.12.23|19:20:52] TABLE: "Users" FOUND
[24.12.23|19:20:52] DATABASE: "posts.db" FOUND
[24.12.23|19:20:52] TABLE: "Posts" FOUND
[24.12.23|19:20:52] DATABASE: "comments.db" FOUND
[24.12.23|19:20:52] TABLE: "Comments" FOUND
[24.12.23|19:21:21] POST: "1" FOUND
[24.12.23|19:21:48] POST: "3" FOUND
[24.12.23|19:29:00] Folder: "/db" FOUND
[24.12.23|19:29:00] DATABASE: "users.db" FOUND
[24.12.23|19:29:00] TABLE: "Users" FOUND
[24.12.23|19:29:00] DATABASE: "posts.db" FOUND
[24.12.23|19:29:00] TABLE: "Posts" FOUND
[24.12.23|19:29:00] DATABASE: "comments.db" FOUND
[24.12.23|19:29:00] TABLE: "Comments" FOUND
[24.12.23|19:29:00] Folder: "/db" FOUND
[24.12.23|19:29:00] DATABASE: "users.db" FOUND
[24.12.23|19:29:00] TABLE: "Users" FOUND
[24.12.23|19:29:00] DATABASE: "posts.db" FOUND
[24.12.23|19:29:00] TABLE: "Posts" FOUND
[24.12.23|19:29:00] DATABASE: "comments.db" FOUND
[24.12.23|19:29:00] TABLE: "Comments" FOUND
[24.12.23|19:38:41] Folder: "/db" FOUND
[24.12.23|19:38:41] DATABASE: "users.db" FOUND
[24.12.23|19:38:41] TABLE: "Users" FOUND
[24.12.23|19:38:41] DATABASE: "posts.db" FOUND
[24.12.23|19:38:41] TABLE: "Posts" FOUND
[24.12.23|19:38:41] DATABASE: "comments.db" FOUND
[24.12.23|19:38:41] TABLE: "Comments" FOUND
[24.12.23|19:38:41] Folder: "/db" FOUND
[24.12.23|19:38:41] DATABASE: "users.db" FOUND
[24.12.23|19:38:41] TABLE: "Users" FOUND
[24.12.23|19:38:41] DATABASE: "posts.db" FOUND
[24.12.23|19:38:41] TABLE: "Posts" FOUND
[24.12.23|19:38:41] DATABASE: "comments.db" FOUND
[24.12.23|19:38:41] TABLE: "Comments" FOUND
[24.12.23|19:38:55] POST: "1" FOUND
[24.12.23|19:39:32] 1 POINTS ADDED TO "admin"
[24.12.23|19:39:32] USER: "admin" LOGGED IN
[24.12.23|19:39:32] POST: "1" FOUND
[24.12.23|19:39:41] USER: "admin" LOGGED OUT
[24.12.23|19:39:52] 1 POINTS ADDED TO "admin"
[24.12.23|19:39:52] USER: "admin" LOGGED IN
[24.12.23|19:40:00] POST: "1" FOUND
[24.12.23|19:40:12] USER: "admin" FOUND
[24.12.23|19:40:12] USER: "admin"s PAGE LOADED
[24.12.23|19:40:37] POST: "1" FOUND
[24.12.23|19:40:44] POST: "1" FOUND
[24.12.23|19:41:37] USER: "admin" FOUND
[24.12.23|19:41:37] USER: "admin"s PAGE LOADED
[24.12.23|19:41:59] POST: "1" DELETED
[24.12.23|19:42:02] POST: "2" DELETED
[24.12.23|19:42:03] POST: "3" DELETED
[24.12.23|19:42:03] POST: "4" DELETED
[24.12.23|19:42:46] USER: "admin" LOGGED OUT
[24.12.23|19:48:42] 1 POINTS ADDED TO "admin"
[24.12.23|19:48:42] USER: "admin" LOGGED IN
[24.12.23|19:48:51] USER: "admin" FOUND
[24.12.23|19:48:51] USER: "admin"s PAGE LOADED
[24.12.23|19:50:17] POST: "What is Lorem Ipsum?" POSTED
[24.12.23|19:50:17] 20 POINTS ADDED TO "admin"
[24.12.23|19:50:47] POST: "Why do we use it?" POSTED
[24.12.23|19:50:47] 20 POINTS ADDED TO "admin"
[24.12.23|19:51:43] POST: "Where does it come from?" POSTED
[24.12.23|19:51:43] 20 POINTS ADDED TO "admin"
[24.12.23|19:51:48] USER: "admin" LOGGED OUT
[31.12.23|14:34:29] Folder: "/db" FOUND
[31.12.23|14:34:29] DATABASE: "users.db" FOUND
[31.12.23|14:34:29] TABLE: "Users" FOUND
[31.12.23|14:34:29] DATABASE: "posts.db" FOUND
[31.12.23|14:34:30] TABLE: "Posts" FOUND
[31.12.23|14:34:30] DATABASE: "comments.db" FOUND
[31.12.23|14:34:30] TABLE: "Comments" FOUND
[31.12.23|14:34:31] Folder: "/db" FOUND
[31.12.23|14:34:31] DATABASE: "users.db" FOUND
[31.12.23|14:34:31] TABLE: "Users" FOUND
[31.12.23|14:34:31] DATABASE: "posts.db" FOUND
[31.12.23|14:34:31] TABLE: "Posts" FOUND
[31.12.23|14:34:31] DATABASE: "comments.db" FOUND
[31.12.23|14:34:31] TABLE: "Comments" FOUND
[31.12.23|15:19:24] Folder: "/db" FOUND
[31.12.23|15:19:24] DATABASE: "users.db" FOUND
[31.12.23|15:19:24] TABLE: "Users" FOUND
[31.12.23|15:19:24] DATABASE: "posts.db" FOUND
[31.12.23|15:19:24] TABLE: "Posts" FOUND
[31.12.23|15:19:24] DATABASE: "comments.db" FOUND
[31.12.23|15:19:24] TABLE: "Comments" FOUND
[31.12.23|15:19:25] Folder: "/db" FOUND
[31.12.23|15:19:25] DATABASE: "users.db" FOUND
[31.12.23|15:19:25] TABLE: "Users" FOUND
[31.12.23|15:19:25] DATABASE: "posts.db" FOUND
[31.12.23|15:19:25] TABLE: "Posts" FOUND
[31.12.23|15:19:25] DATABASE: "comments.db" FOUND
[31.12.23|15:19:25] TABLE: "Comments" FOUND
[31.12.23|15:22:03] 1 POINTS ADDED TO "admin"
[31.12.23|15:22:03] USER: "admin" LOGGED IN
[31.12.23|15:22:22] POST: "nxnnxn" POSTED
[31.12.23|15:22:22] 20 POINTS ADDED TO "admin"
[31.12.23|15:22:30] POST: "4" FOUND
[31.12.23|15:22:40] POST: "4" FOUND
[31.12.23|15:22:40] POST: "4" DELETED
[31.12.23|15:22:53] Folder: "/db" FOUND
[31.12.23|15:22:53] DATABASE: "users.db" FOUND
[31.12.23|15:22:53] TABLE: "Users" FOUND
[31.12.23|15:22:53] DATABASE: "posts.db" FOUND
[31.12.23|15:22:53] TABLE: "Posts" FOUND
[31.12.23|15:22:53] DATABASE: "comments.db" FOUND
[31.12.23|15:22:53] TABLE: "Comments" FOUND
[31.12.23|15:22:54] Folder: "/db" FOUND
[31.12.23|15:22:54] DATABASE: "users.db" FOUND
[31.12.23|15:22:54] TABLE: "Users" FOUND
[31.12.23|15:22:54] DATABASE: "posts.db" FOUND
[31.12.23|15:22:54] TABLE: "Posts" FOUND
[31.12.23|15:22:54] DATABASE: "comments.db" FOUND
[31.12.23|15:22:54] TABLE: "Comments" FOUND
[31.12.23|15:23:11] USER: "admin" FOUND
[31.12.23|15:23:11] USER: "admin"s PAGE LOADED
